TMPDIR is being set to /tmp/genus_temp_89386_rivendell.ecen.okstate.edu_jstine_Z9Na86
Cadence Genus(TM) Synthesis Solution.
Copyright 2019 Cadence Design Systems, Inc. All rights reserved worldwide.
Cadence and the Cadence logo are registered trademarks and Genus is a trademark
of Cadence Design Systems, Inc. in the United States and other countries.

Version: 19.12-s121_1, built Tue Dec 03 13:07:17 PST 2019
Options: -files genus_script.tcl 
Date:    Wed Aug 03 12:08:21 2022
Host:    rivendell.ecen.okstate.edu (x86_64 w/Linux 3.10.0-1160.42.2.el7.x86_64) (6cores*12cpus*2physical cpus*Intel(R) Xeon(R) CPU E5-4617 0 @ 2.90GHz 15360KB) (131810632KB)
PID:     89386
OS:      Red Hat Enterprise Linux Server release 7.9 (Maipo)

Checking out license: Genus_Synthesis

Loading tool scripts...

Finished loading tool scripts (9 seconds elapsed).

#@ Processing -files option
@genus 1> source genus_script.tcl
#@ Begin verbose source genus_script.tcl
@file(genus_script.tcl) 1: set s8lib ../sky130_osu_sc_t18/18T_ms/lib
@file(genus_script.tcl) 3: set_db init_lib_search_path $s8lib
  Setting attribute of root '/': 'init_lib_search_path' = ../sky130_osu_sc_t18/18T_ms/lib
@file(genus_script.tcl) 4: set search_path [list "./" ]
@file(genus_script.tcl) 5: lappend search_path $s8lib
@file(genus_script.tcl) 6: lappend search_path "./hdl"
@file(genus_script.tcl) 8: set_db init_hdl_search_path $search_path
  Setting attribute of root '/': 'init_hdl_search_path' = ./ ../sky130_osu_sc_t18/18T_ms/lib ./hdl
@file(genus_script.tcl) 9: read_libs sky130_osu_sc_18T_ms_TT_1P8_25C.ccs.lib 

Threads Configured:3
Info    : Created nominal operating condition. [LBR-412]
        : Operating condition '_nominal_' was created for the PVT values (1.000000, 1.800000, 25.000000) in library 'sky130_osu_sc_18T_ms_TT_1P8_25C.ccs.lib'.
        : The nominal operating condition is represented, either by the nominal PVT values specified in the library source (via nom_process,nom_voltage and nom_temperature respectively), or by the default PVT values (1.0,1.0,1.0).
Warning : Library cell has no output pins defined. [LBR-9]
        : Library cell 'sky130_osu_sc_18T_ms__ant' must have an output pin.
        : Add the missing output pin(s), then reload the library. Else the library cell will be marked as timing model i.e. unusable. Timing_model means that the cell does not have any defined function. If there is no output pin, Genus will mark library cell as unusable i.e. the attribute 'usable' will be marked to 'false' on the libcell. Therefore, the cell is not used for mapping and it will not be picked up from the library for synthesis. If you query the attribute 'unusable_reason' on the libcell; result will be: 'Library cell has no output pins.'Note: The message LBR-9 is only for the logical pins and not for the power_ground pins. Genus will depend upon the output function defined in the pin group (output pin) of the cell, to use it for mapping. The pg_pin will not have any function defined.
Warning : Library cell has no output pins defined. [LBR-9]
        : Library cell 'sky130_osu_sc_18T_ms__ant' must have an output pin.
@file(genus_script.tcl) 11: set my_verilog_files [list adder.sv flopenr.sv flop.sv mult_seq.sv]
@file(genus_script.tcl) 13: set my_toplevel "mult_seq"
@file(genus_script.tcl) 15: read_hdl -language sv $my_verilog_files
@file(genus_script.tcl) 16: elaborate $my_toplevel
Warning : Libcell will be treated as a timing model. [LBR-158]
        : Lib_pin 'sky130_osu_sc_18T_ms__buf_6/Y' has no incoming arcs.
        : Ensure that the relevant timing arcs are defined in the Liberty model of the libcell.
  Library has 45 usable logic and 8 usable sequential lib-cells.
Info    : Elaborating Design. [ELAB-1]
        : Elaborating top-level block 'mult_seq' from file './hdl/mult_seq.sv'.
Warning : Using default parameter value for module elaboration. [CDFG-818]
        : Elaborating block 'mult_seq' with default parameters value.
Info    : Done Elaborating Design. [ELAB-3]
        : Done elaborating 'mult_seq'.
Checking for analog nets...
Check completed for analog nets.
Checking for source RTL...
Check completed for source RTL.
UM:   timing.setup.tns  timing.setup.wns  snapshot
UM:*                                      elaborate
@file(genus_script.tcl) 19: set my_clock_pin "clk"
@file(genus_script.tcl) 20: set my_clk_freq_MHz 100
@file(genus_script.tcl) 21: set my_period [expr 1000 / $my_clk_freq_MHz]
@file(genus_script.tcl) 22: set my_uncertainty [expr .1 * $my_period]
@file(genus_script.tcl) 25: set find_clock $my_clock_pin
@file(genus_script.tcl) 26: if {  $find_clock != [list] } {
    echo "Found clock!"
    set my_clk $my_clock_pin
} 
Found clock!
@file(genus_script.tcl) 30: set all_in_ex_clk [remove_from_collection [all_inputs] [get_ports "clk"]]
@file(genus_script.tcl) 31: set all_out [all_outputs]
@file(genus_script.tcl) 33: read_sdc constraints_top.sdc
Statistics for commands executed by read_sdc:
 "all_outputs"              - successful      1 , failed      0 (runtime  0.00)
 "create_clock"             - successful      1 , failed      0 (runtime  0.00)
 "get_clocks"               - successful      3 , failed      0 (runtime  0.00)
 "get_ports"                - successful      3 , failed      0 (runtime  0.00)
 "load_of"                  - successful      1 , failed      0 (runtime  0.00)
 "set_clock_uncertainty"    - successful      1 , failed      0 (runtime  0.00)
 "set_driving_cell"         - successful      1 , failed      0 (runtime  0.00)
 "set_input_delay"          - successful      1 , failed      0 (runtime  0.00)
 "set_load"                 - successful      1 , failed      0 (runtime  0.00)
 "set_output_delay"         - successful      1 , failed      0 (runtime  0.00)
Total runtime 0.0
@file(genus_script.tcl) 35: set_db syn_generic_effort medium
  Setting attribute of root '/': 'syn_generic_effort' = medium
@file(genus_script.tcl) 36: set_db syn_map_effort medium
  Setting attribute of root '/': 'syn_map_effort' = medium
@file(genus_script.tcl) 37: set_db syn_opt_effort medium
  Setting attribute of root '/': 'syn_opt_effort' = medium
@file(genus_script.tcl) 39: syn_generic
Info    : Deleting instances not driving any primary outputs. [GLO-34]
        : Deleting 1 hierarchical instance.
        : Optimizations such as constant propagation or redundancy removal could change the connections so a hierarchical instance does not drive any primary outputs anymore. To see the list of deleted hierarchical instances, set the 'information_level' attribute to 2 or above. If the message is truncated set the message attribute 'truncate' to false to see the complete list. To prevent this optimization, set the 'delete_unloaded_insts' root/subdesign attribute to 'false' or 'preserve' instance attribute to 'true'.
Info    : Synthesizing. [SYNTH-1]
        : Synthesizing 'mult_seq' to generic gates using 'medium' effort.
PBS_Generic-Start - Elapsed_Time 0, CPU_Time 0.0
stamp 'PBS_Generic-Start' being created for table 'pbs_debug'

  Total Time (Wall) |  Stage Time (Wall)  |   % (Wall)   |    Date - Time     |  Memory   | Stage
--------------------+---------------------+--------------+--------------------+-----------+----------------------
 00:00:09(00:00:04) |  00:00:00(00:00:00) |   0.0(  0.0) |   12:08:31 (Aug03) |  162.3 MB | PBS_Generic-Start
--------------------+---------------------+--------------+--------------------+-----------+----------------------
Number of threads: 8 * 1   (id: pbs_debug, time_info v1.57)
Info: (*N*) indicates data that was populated from previously saved time_info database
Info: CPU time includes time of parent + longest thread
TNS Restructuring config:  at stage: generic applied.
Info    : Partition Based Synthesis execution skipped. [PHYS-752]
        : Design size is less than the partition size '100000' for distributed generic optimization to kick in.
Starting mux data reorder optimization [v1.0] (stage: post_to_gen_setup, startdef: mult_seq, recur: true)
Completed mux data reorder optimization (accepts: 0, rejects: 0, runtime: 0.000s)
Starting reconvergence optimization [v1.0] (stage: pre_rtlopt, startdef: mult_seq, recur: true)
Completed reconvergence optimization (accepts: 0, rejects: 0, runtime: 0.000s)
Starting logic restructure optimization [v1.0] (stage: pre_rtlopt, startdef: mult_seq, recur: true)
Completed logic restructure optimization (accepts: 0, rejects: 0, runtime: 0.000s)
Info    : Pre-processed datapath logic. [DPOPT-6]
        : No pre-processing optimizations applied to datapath logic in 'mult_seq'.
Info    : Optimizing datapath logic. [DPOPT-1]
        : Optimizing datapath logic in 'mult_seq'.
Info    : Implementing datapath configurations. [DPOPT-3]
        : Implementing datapath configurations for 'CDN_DP_region'
Info    : Done implementing datapath configurations. [DPOPT-4]
        : Selected 'very_fast' configuration 5 for module 'CDN_DP_region'.
          Optimizations applied to 'very_fast' configuration:
            rewriting(1), factoring(0), sharing(0), cmultcse(0), downsizing(0), speculation(0)
Info    : Done optimizing datapath logic. [DPOPT-2]
        : Done optimizing datapath logic in 'mult_seq'.
Starting mux data reorder optimization [v1.0] (stage: post_rtlopt, startdef: mult_seq, recur: true)
Completed mux data reorder optimization (accepts: 0, rejects: 0, runtime: 0.001s)
Starting mux speculation [v1.0] (stage: post_muxopt, startdef: mult_seq, recur: true)
Starting speculation optimization
Completed speculation optimization (accepts:0)
Completed mux speculation (accepts: 0, rejects: 0, runtime: 0.005s)
==================================
Stage : to_generic 
==================================
  =================
   Message Summary
  =================
------------------------------------------------------------------------------------------------------------------------------------------------------------------
|    Id     |  Sev   |Count |                                                           Message Text                                                             |
------------------------------------------------------------------------------------------------------------------------------------------------------------------
| CDFG-372  |Info    |    1 |Bitwidth mismatch in assignment.                                                                                                    |
|           |        |      |Review and make sure the mismatch is unintentional. Genus can possibly issue bitwidth mismatch warning for explicit assignments     |
|           |        |      | present in RTL as-well-as for implicit assignments inferred by the tool. For example, in case of enum declaration without value,   |
|           |        |      | the tool will implicitly assign value to the enum variables. It also issues the warning for any bitwidth mismatch that appears in  |
|           |        |      | this implicit assignment.                                                                                                          |
| CDFG-818  |Warning |    1 |Using default parameter value for module elaboration.                                                                               |
| CWD-19    |Info    |   22 |An implementation was inferred.                                                                                                     |
| DPOPT-1   |Info    |    1 |Optimizing datapath logic.                                                                                                          |
| DPOPT-2   |Info    |    1 |Done optimizing datapath logic.                                                                                                     |
| DPOPT-3   |Info    |    1 |Implementing datapath configurations.                                                                                               |
| DPOPT-4   |Info    |    1 |Done implementing datapath configurations.                                                                                          |
| DPOPT-6   |Info    |    1 |Pre-processed datapath logic.                                                                                                       |
| ELAB-1    |Info    |    1 |Elaborating Design.                                                                                                                 |
| ELAB-2    |Info    |    2 |Elaborating Subdesign.                                                                                                              |
| ELAB-3    |Info    |    1 |Done Elaborating Design.                                                                                                            |
| GLO-34    |Info    |    1 |Deleting instances not driving any primary outputs.                                                                                 |
|           |        |      |Optimizations such as constant propagation or redundancy removal could change the connections so a hierarchical instance does not   |
|           |        |      | drive any primary outputs anymore. To see the list of deleted hierarchical instances, set the 'information_level' attribute to 2   |
|           |        |      | or above. If the message is truncated set the message attribute 'truncate' to false to see the complete list. To prevent this      |
|           |        |      | optimization, set the 'delete_unloaded_insts' root/subdesign attribute to 'false' or 'preserve' instance attribute to 'true'.      |
| GLO-51    |Info    |    1 |Hierarchical instance automatically ungrouped.                                                                                      |
|           |        |      |Hierarchical instances can be automatically ungrouped to allow for better area or timing optimization. To prevent this ungroup, set |
|           |        |      | the root-level attribute 'auto_ungroup' to 'none'. You can also prevent individual ungroup with setting the attribute 'ungroup_ok' |
|           |        |      | of instances or modules to 'false'.                                                                                                |
| LBR-155   |Info    |    2 |Mismatch in unateness between 'timing_sense' attribute and the function.                                                            |
|           |        |      |The 'timing_sense' attribute will be respected.                                                                                     |
| LBR-158   |Warning |    1 |Libcell will be treated as a timing model.                                                                                          |
|           |        |      |Ensure that the relevant timing arcs are defined in the Liberty model of the libcell.                                               |
| LBR-162   |Info    |   19 |Both 'pos_unate' and 'neg_unate' timing_sense arcs have been processed.                                                             |
|           |        |      |Setting the 'timing_sense' to non_unate.                                                                                            |
| LBR-412   |Info    |    1 |Created nominal operating condition.                                                                                                |
|           |        |      |The nominal operating condition is represented, either by the nominal PVT values specified in the library source                    |
|           |        |      | (via nom_process,nom_voltage and nom_temperature respectively), or by the default PVT values (1.0,1.0,1.0).                        |
| LBR-9     |Warning |    2 |Library cell has no output pins defined.                                                                                            |
|           |        |      |Add the missing output pin(s)                                                                                                       |
|           |        |      | , then reload the library. Else the library cell will be marked as timing model i.e. unusable. Timing_model means that the cell    |
|           |        |      | does not have any defined function. If there is no output pin, Genus will mark library cell as unusable i.e. the attribute         |
|           |        |      | 'usable' will be marked to 'false' on the libcell. Therefore, the cell is not used for mapping and it will not be picked up from   |
|           |        |      | the library for synthesis. If you query the attribute 'unusable_reason' on the libcell; result will be: 'Library cell has no       |
|           |        |      | output pins.'Note: The message LBR-9 is only for the logical pins and not for the power_ground pins. Genus will depend upon the    |
|           |        |      | output function defined in the pin group (output pin)                                                                              |
|           |        |      | of the cell, to use it for mapping. The pg_pin will not have any function defined.                                                 |
| PHYS-752  |Info    |    1 |Partition Based Synthesis execution skipped.                                                                                        |
| RTLOPT-40 |Info    |    5 |Transformed datapath macro.                                                                                                         |
| SYNTH-1   |Info    |    1 |Synthesizing.                                                                                                                       |
| TUI-31    |Warning |    2 |Obsolete command.                                                                                                                   |
|           |        |      |This command is no longer supported.                                                                                                |
------------------------------------------------------------------------------------------------------------------------------------------------------------------
Mapper: Libraries have:
	domain _default_: 45 combo usable cells and 8 sequential usable cells
Multi-threaded constant propagation [1|0] ...
Multi-threaded Virtual Mapping    (8 threads, 8 of 12 CPUs usable)
 
Global mapping target info
==========================
Cost Group 'clk' target slack:   266 ps
Target path end-point (Pin: reg1/q_reg[7]/d)

PBS_Generic_Opt-Post - Elapsed_Time 1, CPU_Time 0.956982
stamp 'PBS_Generic_Opt-Post' being created for table 'pbs_debug'

  Total Time (Wall) |  Stage Time (Wall)  |   % (Wall)   |    Date - Time     |  Memory   | Stage
--------------------+---------------------+--------------+--------------------+-----------+----------------------
 00:00:09(00:00:04) |  00:00:00(00:00:00) |   0.0(  0.0) |   12:08:31 (Aug03) |  162.3 MB | PBS_Generic-Start
--------------------+---------------------+--------------+--------------------+-----------+----------------------
 00:00:09(00:00:05) |  00:00:00(00:00:01) | 100.0(100.0) |   12:08:32 (Aug03) |  162.3 MB | PBS_Generic_Opt-Post
--------------------+---------------------+--------------+--------------------+-----------+----------------------
Number of threads: 8 * 1   (id: pbs_debug, time_info v1.57)
Info: (*N*) indicates data that was populated from previously saved time_info database
Info: CPU time includes time of parent + longest thread
PBS_Generic-Postgen HBO Optimizations - Elapsed_Time 0, CPU_Time 0.0
stamp 'PBS_Generic-Postgen HBO Optimizations' being created for table 'pbs_debug'

  Total Time (Wall) |  Stage Time (Wall)  |   % (Wall)   |    Date - Time     |  Memory   | Stage
--------------------+---------------------+--------------+--------------------+-----------+----------------------
 00:00:09(00:00:04) |  00:00:00(00:00:00) |   0.0(  0.0) |   12:08:31 (Aug03) |  162.3 MB | PBS_Generic-Start
--------------------+---------------------+--------------+--------------------+-----------+----------------------
 00:00:09(00:00:05) |  00:00:00(00:00:01) | 100.0(100.0) |   12:08:32 (Aug03) |  162.3 MB | PBS_Generic_Opt-Post
--------------------+---------------------+--------------+--------------------+-----------+----------------------
 00:00:09(00:00:05) |  00:00:00(00:00:00) |   0.0(  0.0) |   12:08:32 (Aug03) |  162.3 MB | PBS_Generic-Postgen HBO Optimizations
--------------------+---------------------+--------------+--------------------+-----------+----------------------
Number of threads: 8 * 1   (id: pbs_debug, time_info v1.57)
Info: (*N*) indicates data that was populated from previously saved time_info database
Info: CPU time includes time of parent + longest thread
##>=================== Cadence Confidential (Generic-Logical) ===================
##>=================== Cadence Confidential (Generic-Logical) ===================
##>Main Thread Summary:
##>----------------------------------------------------------------------------------------
##>STEP                           Elapsed       WNS       TNS     Insts      Area    Memory
##>----------------------------------------------------------------------------------------
##>G:Initial                            0         -         -       165      3576       162
##>G:Setup                              0         -         -         -         -         -
##>G:Launch ST                          0         -         -         -         -         -
##>G:Design Partition                   0         -         -         -         -         -
##>G:Create Partition Netlists          0         -         -         -         -         -
##>G:Init Power                         0         -         -         -         -         -
##>G:Budgeting                          0         -         -         -         -         -
##>G:Derenv-DB                          0         -         -         -         -         -
##>G:Debug Outputs                      0         -         -         -         -         -
##>G:ST loading                         0         -         -         -         -         -
##>G:Distributed                        0         -         -         -         -         -
##>G:Timer                              0         -         -         -         -         -
##>G:Assembly                           0         -         -         -         -         -
##>G:DFT                                0         -         -         -         -         -
##>G:Const Prop                         0         -         -       180      4098       162
##>G:Misc                               1
##>----------------------------------------------------------------------------------------
##>Total Elapsed                        1
##>========================================================================================
Info    : Done synthesizing. [SYNTH-2]
        : Done synthesizing 'mult_seq' to generic gates.
      timing.setup.tns  timing.setup.wns  snapshot
UM:*                                      syn_gen
@file(genus_script.tcl) 40: syn_map
Info    : Mapping. [SYNTH-4]
        : Mapping 'mult_seq' using 'medium' effort.
Mapper: Libraries have:
	domain _default_: 45 combo usable cells and 8 sequential usable cells
Configuring mapper costing (none)
TNS Restructuring config:  at stage: map applied.
PBS_TechMap-Start - Elapsed_Time 0, CPU_Time 0.0
stamp 'PBS_TechMap-Start' being created for table 'pbs_debug'

  Total Time (Wall) |  Stage Time (Wall)  |   % (Wall)   |    Date - Time     |  Memory   | Stage
--------------------+---------------------+--------------+--------------------+-----------+----------------------
 00:00:09(00:00:04) |  00:00:00(00:00:00) |   0.0(  0.0) |   12:08:31 (Aug03) |  162.3 MB | PBS_Generic-Start
--------------------+---------------------+--------------+--------------------+-----------+----------------------
 00:00:09(00:00:05) |  00:00:00(00:00:01) | 100.0(100.0) |   12:08:32 (Aug03) |  162.3 MB | PBS_Generic_Opt-Post
--------------------+---------------------+--------------+--------------------+-----------+----------------------
 00:00:09(00:00:05) |  00:00:00(00:00:00) |   0.0(  0.0) |   12:08:32 (Aug03) |  162.3 MB | PBS_Generic-Postgen HBO Optimizations
--------------------+---------------------+--------------+--------------------+-----------+----------------------
 00:00:09(00:00:05) |  00:00:00(00:00:00) |   0.0(  0.0) |   12:08:32 (Aug03) |  250.6 MB | PBS_TechMap-Start
--------------------+---------------------+--------------+--------------------+-----------+----------------------
Number of threads: 8 * 1   (id: pbs_debug, time_info v1.57)
Info: (*N*) indicates data that was populated from previously saved time_info database
Info: CPU time includes time of parent + longest thread
PBS_TechMap-Premap HBO Optimizations - Elapsed_Time 0, CPU_Time 0.0
stamp 'PBS_TechMap-Premap HBO Optimizations' being created for table 'pbs_debug'

  Total Time (Wall) |  Stage Time (Wall)  |   % (Wall)   |    Date - Time     |  Memory   | Stage
--------------------+---------------------+--------------+--------------------+-----------+----------------------
 00:00:09(00:00:04) |  00:00:00(00:00:00) |   0.0(  0.0) |   12:08:31 (Aug03) |  162.3 MB | PBS_Generic-Start
--------------------+---------------------+--------------+--------------------+-----------+----------------------
 00:00:09(00:00:05) |  00:00:00(00:00:01) | 100.0(100.0) |   12:08:32 (Aug03) |  162.3 MB | PBS_Generic_Opt-Post
--------------------+---------------------+--------------+--------------------+-----------+----------------------
 00:00:09(00:00:05) |  00:00:00(00:00:00) |   0.0(  0.0) |   12:08:32 (Aug03) |  162.3 MB | PBS_Generic-Postgen HBO Optimizations
--------------------+---------------------+--------------+--------------------+-----------+----------------------
 00:00:09(00:00:05) |  00:00:00(00:00:00) |   0.0(  0.0) |   12:08:32 (Aug03) |  250.6 MB | PBS_TechMap-Start
--------------------+---------------------+--------------+--------------------+-----------+----------------------
 00:00:09(00:00:05) |  00:00:00(00:00:00) |   0.0(  0.0) |   12:08:32 (Aug03) |  250.6 MB | PBS_TechMap-Premap HBO Optimizations
--------------------+---------------------+--------------+--------------------+-----------+----------------------
Number of threads: 8 * 1   (id: pbs_debug, time_info v1.57)
Info: (*N*) indicates data that was populated from previously saved time_info database
Info: CPU time includes time of parent + longest thread
Info    : Partition Based Synthesis execution skipped. [PHYS-752]
        : Design size is less than the partition size '100000' for distributed mapping optimization to kick in.
Mapper: Libraries have:
	domain _default_: 45 combo usable cells and 8 sequential usable cells
Multi-threaded Virtual Mapping    (8 threads, 8 of 12 CPUs usable)
==================================
Stage : first_condense 
==================================
  =================
   Message Summary
  =================
-----------------------------------------------------------------------
|    Id    |Sev  |Count |                Message Text                 |
-----------------------------------------------------------------------
| PHYS-752 |Info |    1 |Partition Based Synthesis execution skipped. |
| SYNTH-2  |Info |    1 |Done synthesizing.                           |
| SYNTH-4  |Info |    1 |Mapping.                                     |
-----------------------------------------------------------------------
 
Global mapping target info
==========================
Cost Group 'clk' target slack:   266 ps
Target path end-point (Pin: reg1/q_reg[7]/d)

Multi-threaded Technology Mapping (8 threads, 8 of 12 CPUs usable)
 
Global mapping status
=====================
                                   Group   
                                  Tot Wrst 
                           Total  Weighted 
Operation                   Area   Slacks  
 global_map                 2090        0 

    Cost Group            Target    Slack    Diff.  Constr.
-----------------------------------------------------------
           clk               266     6925             10000 

 
Global incremental target info
==============================
Cost Group 'clk' target slack:   177 ps
Target path end-point (Pin: reg1/q_reg[7]/D (sky130_osu_sc_18T_ms__dff_1/D))

==================================
Stage : global_incr_map 
==================================
  =================
   Message Summary
  =================
---------------------------------------------------------------------
|  Id  |Sev  |Count |                 Message Text                  |
---------------------------------------------------------------------
| PA-7 |Info |    4 |Resetting power analysis results.              |
|      |     |      |All computed switching activities are removed. |
---------------------------------------------------------------------
 
Global incremental optimization status
======================================
                                   Group   
                                  Tot Wrst 
                           Total  Weighted 
Operation                   Area   Slacks  
 global_incr                2015        0 

    Cost Group            Target    Slack    Diff.  Constr.
-----------------------------------------------------------
           clk               177     5432             10000 

INFO: skipping constant propagation
PBS_Techmap-Global Mapping - Elapsed_Time 1, CPU_Time 0.7927110000000006
stamp 'PBS_Techmap-Global Mapping' being created for table 'pbs_debug'

  Total Time (Wall) |  Stage Time (Wall)  |   % (Wall)   |    Date - Time     |  Memory   | Stage
--------------------+---------------------+--------------+--------------------+-----------+----------------------
 00:00:09(00:00:04) |  00:00:00(00:00:00) |   0.0(  0.0) |   12:08:31 (Aug03) |  162.3 MB | PBS_Generic-Start
--------------------+---------------------+--------------+--------------------+-----------+----------------------
 00:00:09(00:00:05) |  00:00:00(00:00:01) |  54.7( 50.0) |   12:08:32 (Aug03) |  162.3 MB | PBS_Generic_Opt-Post
--------------------+---------------------+--------------+--------------------+-----------+----------------------
 00:00:09(00:00:05) |  00:00:00(00:00:00) |   0.0(  0.0) |   12:08:32 (Aug03) |  162.3 MB | PBS_Generic-Postgen HBO Optimizations
--------------------+---------------------+--------------+--------------------+-----------+----------------------
 00:00:09(00:00:05) |  00:00:00(00:00:00) |   0.0(  0.0) |   12:08:32 (Aug03) |  250.6 MB | PBS_TechMap-Start
--------------------+---------------------+--------------+--------------------+-----------+----------------------
 00:00:09(00:00:05) |  00:00:00(00:00:00) |   0.0(  0.0) |   12:08:32 (Aug03) |  250.6 MB | PBS_TechMap-Premap HBO Optimizations
--------------------+---------------------+--------------+--------------------+-----------+----------------------
 00:00:10(00:00:06) |  00:00:00(00:00:01) |  45.3( 50.0) |   12:08:33 (Aug03) |  250.6 MB | PBS_Techmap-Global Mapping
--------------------+---------------------+--------------+--------------------+-----------+----------------------
Number of threads: 8 * 1   (id: pbs_debug, time_info v1.57)
Info: (*N*) indicates data that was populated from previously saved time_info database
Info: CPU time includes time of parent + longest thread
Info    : Wrote formal verification information. [CFM-5]
        : Wrote 'fv/mult_seq/fv_map.fv.json' for netlist 'fv/mult_seq/fv_map.v.gz'.
Info    : Existing dofile found. Copied as fv/mult_seq/rtl_to_fv_map.do~.
Info    : Wrote dofile. [CFM-1]
        : Dofile is 'fv/mult_seq/rtl_to_fv_map.do'.
PBS_TechMap-Datapath Postmap Operations - Elapsed_Time 2, CPU_Time 1.9993039999999986
stamp 'PBS_TechMap-Datapath Postmap Operations' being created for table 'pbs_debug'

  Total Time (Wall) |  Stage Time (Wall)  |   % (Wall)   |    Date - Time     |  Memory   | Stage
--------------------+---------------------+--------------+--------------------+-----------+----------------------
 00:00:09(00:00:04) |  00:00:00(00:00:00) |   0.0(  0.0) |   12:08:31 (Aug03) |  162.3 MB | PBS_Generic-Start
--------------------+---------------------+--------------+--------------------+-----------+----------------------
 00:00:09(00:00:05) |  00:00:00(00:00:01) |  25.5( 25.0) |   12:08:32 (Aug03) |  162.3 MB | PBS_Generic_Opt-Post
--------------------+---------------------+--------------+--------------------+-----------+----------------------
 00:00:09(00:00:05) |  00:00:00(00:00:00) |   0.0(  0.0) |   12:08:32 (Aug03) |  162.3 MB | PBS_Generic-Postgen HBO Optimizations
--------------------+---------------------+--------------+--------------------+-----------+----------------------
 00:00:09(00:00:05) |  00:00:00(00:00:00) |   0.0(  0.0) |   12:08:32 (Aug03) |  250.6 MB | PBS_TechMap-Start
--------------------+---------------------+--------------+--------------------+-----------+----------------------
 00:00:09(00:00:05) |  00:00:00(00:00:00) |   0.0(  0.0) |   12:08:32 (Aug03) |  250.6 MB | PBS_TechMap-Premap HBO Optimizations
--------------------+---------------------+--------------+--------------------+-----------+----------------------
 00:00:10(00:00:06) |  00:00:00(00:00:01) |  21.1( 25.0) |   12:08:33 (Aug03) |  250.6 MB | PBS_Techmap-Global Mapping
--------------------+---------------------+--------------+--------------------+-----------+----------------------
 00:00:12(00:00:08) |  00:00:01(00:00:02) |  53.3( 50.0) |   12:08:35 (Aug03) |  250.6 MB | PBS_TechMap-Datapath Postmap Operations
--------------------+---------------------+--------------+--------------------+-----------+----------------------
Number of threads: 8 * 1   (id: pbs_debug, time_info v1.57)
Info: (*N*) indicates data that was populated from previously saved time_info database
Info: CPU time includes time of parent + longest thread
PBS_TechMap-Postmap HBO Optimizations - Elapsed_Time 0, CPU_Time -0.0007760000000001099
stamp 'PBS_TechMap-Postmap HBO Optimizations' being created for table 'pbs_debug'

  Total Time (Wall) |  Stage Time (Wall)  |   % (Wall)   |    Date - Time     |  Memory   | Stage
--------------------+---------------------+--------------+--------------------+-----------+----------------------
 00:00:09(00:00:04) |  00:00:00(00:00:00) |   0.0(  0.0) |   12:08:31 (Aug03) |  162.3 MB | PBS_Generic-Start
--------------------+---------------------+--------------+--------------------+-----------+----------------------
 00:00:09(00:00:05) |  00:00:00(00:00:01) |  25.5( 25.0) |   12:08:32 (Aug03) |  162.3 MB | PBS_Generic_Opt-Post
--------------------+---------------------+--------------+--------------------+-----------+----------------------
 00:00:09(00:00:05) |  00:00:00(00:00:00) |   0.0(  0.0) |   12:08:32 (Aug03) |  162.3 MB | PBS_Generic-Postgen HBO Optimizations
--------------------+---------------------+--------------+--------------------+-----------+----------------------
 00:00:09(00:00:05) |  00:00:00(00:00:00) |   0.0(  0.0) |   12:08:32 (Aug03) |  250.6 MB | PBS_TechMap-Start
--------------------+---------------------+--------------+--------------------+-----------+----------------------
 00:00:09(00:00:05) |  00:00:00(00:00:00) |   0.0(  0.0) |   12:08:32 (Aug03) |  250.6 MB | PBS_TechMap-Premap HBO Optimizations
--------------------+---------------------+--------------+--------------------+-----------+----------------------
 00:00:10(00:00:06) |  00:00:00(00:00:01) |  21.1( 25.0) |   12:08:33 (Aug03) |  250.6 MB | PBS_Techmap-Global Mapping
--------------------+---------------------+--------------+--------------------+-----------+----------------------
 00:00:12(00:00:08) |  00:00:01(00:00:02) |  53.3( 50.0) |   12:08:35 (Aug03) |  250.6 MB | PBS_TechMap-Datapath Postmap Operations
--------------------+---------------------+--------------+--------------------+-----------+----------------------
 00:00:12(00:00:08) |  00:00:00(00:00:00) |  -0.0(  0.0) |   12:08:35 (Aug03) |  250.6 MB | PBS_TechMap-Postmap HBO Optimizations
--------------------+---------------------+--------------+--------------------+-----------+----------------------
Number of threads: 8 * 1   (id: pbs_debug, time_info v1.57)
Info: (*N*) indicates data that was populated from previously saved time_info database
Info: CPU time includes time of parent + longest thread
 Doing ConstProp on design:mult_seq ... 

PBS_TechMap-Postmap Clock Gating - Elapsed_Time 0, CPU_Time 0.0
stamp 'PBS_TechMap-Postmap Clock Gating' being created for table 'pbs_debug'

  Total Time (Wall) |  Stage Time (Wall)  |   % (Wall)   |    Date - Time     |  Memory   | Stage
--------------------+---------------------+--------------+--------------------+-----------+----------------------
 00:00:09(00:00:04) |  00:00:00(00:00:00) |   0.0(  0.0) |   12:08:31 (Aug03) |  162.3 MB | PBS_Generic-Start
--------------------+---------------------+--------------+--------------------+-----------+----------------------
 00:00:09(00:00:05) |  00:00:00(00:00:01) |  25.5( 25.0) |   12:08:32 (Aug03) |  162.3 MB | PBS_Generic_Opt-Post
--------------------+---------------------+--------------+--------------------+-----------+----------------------
 00:00:09(00:00:05) |  00:00:00(00:00:00) |   0.0(  0.0) |   12:08:32 (Aug03) |  162.3 MB | PBS_Generic-Postgen HBO Optimizations
--------------------+---------------------+--------------+--------------------+-----------+----------------------
 00:00:09(00:00:05) |  00:00:00(00:00:00) |   0.0(  0.0) |   12:08:32 (Aug03) |  250.6 MB | PBS_TechMap-Start
--------------------+---------------------+--------------+--------------------+-----------+----------------------
 00:00:09(00:00:05) |  00:00:00(00:00:00) |   0.0(  0.0) |   12:08:32 (Aug03) |  250.6 MB | PBS_TechMap-Premap HBO Optimizations
--------------------+---------------------+--------------+--------------------+-----------+----------------------
 00:00:10(00:00:06) |  00:00:00(00:00:01) |  21.1( 25.0) |   12:08:33 (Aug03) |  250.6 MB | PBS_Techmap-Global Mapping
--------------------+---------------------+--------------+--------------------+-----------+----------------------
 00:00:12(00:00:08) |  00:00:01(00:00:02) |  53.3( 50.0) |   12:08:35 (Aug03) |  250.6 MB | PBS_TechMap-Datapath Postmap Operations
--------------------+---------------------+--------------+--------------------+-----------+----------------------
 00:00:12(00:00:08) |  00:00:00(00:00:00) |  -0.0(  0.0) |   12:08:35 (Aug03) |  250.6 MB | PBS_TechMap-Postmap HBO Optimizations
--------------------+---------------------+--------------+--------------------+-----------+----------------------
 00:00:12(00:00:08) |  00:00:00(00:00:00) |   0.0(  0.0) |   12:08:35 (Aug03) |  250.6 MB | PBS_TechMap-Postmap Clock Gating
--------------------+---------------------+--------------+--------------------+-----------+----------------------
Number of threads: 8 * 1   (id: pbs_debug, time_info v1.57)
Info: (*N*) indicates data that was populated from previously saved time_info database
Info: CPU time includes time of parent + longest thread
-------------------------------------------------------------------------------
 hi_fo_buf                  2000        0         0         0        0

           Trick     Calls     Accepts   Attempts    Time(secs) 
-----------------------------------------------------------
       hi_fo_buf         0  (        0 /        0 )  0.00

 
Incremental optimization status
===============================
                                   Group   
                                  Tot Wrst     Total - - DRC Totals - -
                           Total  Weighted      Neg      Max       Max 
Operation                   Area   Slacks      Slack    Trans      Cap 
 init_delay                 2000        0         0         0        0

           Trick     Calls     Accepts   Attempts    Time(secs) 
-----------------------------------------------------------
       crit_upsz         0  (        0 /        0 )  0.00
    plc_bal_star         0  (        0 /        0 )  0.00
     drc_buftimb         0  (        0 /        0 )  0.00
          plc_st         0  (        0 /        0 )  0.00
    plc_st_fence         0  (        0 /        0 )  0.00
        plc_star         0  (        0 /        0 )  0.00
      plc_laf_st         0  (        0 /        0 )  0.00
 plc_laf_st_fence         0  (        0 /        0 )  0.00
     drc_buftims         0  (        0 /        0 )  0.00
            fopt         0  (        0 /        0 )  0.00
   plc_laf_lo_st         0  (        0 /        0 )  0.00
       plc_lo_st         0  (        0 /        0 )  0.00
        mb_split         0  (        0 /        0 )  0.00

 
Local TNS optimization status
=============================
                                   Group   
                                  Tot Wrst     Total - - DRC Totals - -
                           Total  Weighted      Neg      Max       Max 
Operation                   Area   Slacks      Slack    Trans      Cap 
 init_tns                   2000        0         0         0        0

           Trick     Calls     Accepts   Attempts    Time(secs) 
-----------------------------------------------------------
    plc_bal_star         0  (        0 /        0 )  0.00
     drc_buftimb         0  (        0 /        0 )  0.00
     drc_buftims         0  (        0 /        0 )  0.00
       crit_upsz         0  (        0 /        0 )  0.00
   plc_laf_lo_st         0  (        0 /        0 )  0.00
       plc_lo_st         0  (        0 /        0 )  0.00
            fopt         0  (        0 /        0 )  0.00
       crit_dnsz         0  (        0 /        0 )  0.00
             dup         0  (        0 /        0 )  0.00
        setup_dn         0  (        0 /        0 )  0.00
        mb_split         0  (        0 /        0 )  0.00

PBS_TechMap-Postmap Cleanup - Elapsed_Time 0, CPU_Time -0.00023399999999895726
stamp 'PBS_TechMap-Postmap Cleanup' being created for table 'pbs_debug'

  Total Time (Wall) |  Stage Time (Wall)  |   % (Wall)   |    Date - Time     |  Memory   | Stage
--------------------+---------------------+--------------+--------------------+-----------+----------------------
 00:00:09(00:00:04) |  00:00:00(00:00:00) |   0.0(  0.0) |   12:08:31 (Aug03) |  162.3 MB | PBS_Generic-Start
--------------------+---------------------+--------------+--------------------+-----------+----------------------
 00:00:09(00:00:05) |  00:00:00(00:00:01) |  25.5( 25.0) |   12:08:32 (Aug03) |  162.3 MB | PBS_Generic_Opt-Post
--------------------+---------------------+--------------+--------------------+-----------+----------------------
 00:00:09(00:00:05) |  00:00:00(00:00:00) |   0.0(  0.0) |   12:08:32 (Aug03) |  162.3 MB | PBS_Generic-Postgen HBO Optimizations
--------------------+---------------------+--------------+--------------------+-----------+----------------------
 00:00:09(00:00:05) |  00:00:00(00:00:00) |   0.0(  0.0) |   12:08:32 (Aug03) |  250.6 MB | PBS_TechMap-Start
--------------------+---------------------+--------------+--------------------+-----------+----------------------
 00:00:09(00:00:05) |  00:00:00(00:00:00) |   0.0(  0.0) |   12:08:32 (Aug03) |  250.6 MB | PBS_TechMap-Premap HBO Optimizations
--------------------+---------------------+--------------+--------------------+-----------+----------------------
 00:00:10(00:00:06) |  00:00:00(00:00:01) |  21.2( 25.0) |   12:08:33 (Aug03) |  250.6 MB | PBS_Techmap-Global Mapping
--------------------+---------------------+--------------+--------------------+-----------+----------------------
 00:00:12(00:00:08) |  00:00:01(00:00:02) |  53.3( 50.0) |   12:08:35 (Aug03) |  250.6 MB | PBS_TechMap-Datapath Postmap Operations
--------------------+---------------------+--------------+--------------------+-----------+----------------------
 00:00:12(00:00:08) |  00:00:00(00:00:00) |  -0.0(  0.0) |   12:08:35 (Aug03) |  250.6 MB | PBS_TechMap-Postmap HBO Optimizations
--------------------+---------------------+--------------+--------------------+-----------+----------------------
 00:00:12(00:00:08) |  00:00:00(00:00:00) |   0.0(  0.0) |   12:08:35 (Aug03) |  250.6 MB | PBS_TechMap-Postmap Clock Gating
--------------------+---------------------+--------------+--------------------+-----------+----------------------
 00:00:12(00:00:08) |  00:00:00(00:00:00) |  -0.0(  0.0) |   12:08:35 (Aug03) |  250.6 MB | PBS_TechMap-Postmap Cleanup
--------------------+---------------------+--------------+--------------------+-----------+----------------------
Number of threads: 8 * 1   (id: pbs_debug, time_info v1.57)
Info: (*N*) indicates data that was populated from previously saved time_info database
Info: CPU time includes time of parent + longest thread
PBS_Techmap-Post_MBCI - Elapsed_Time 0, CPU_Time 0.0
stamp 'PBS_Techmap-Post_MBCI' being created for table 'pbs_debug'

  Total Time (Wall) |  Stage Time (Wall)  |   % (Wall)   |    Date - Time     |  Memory   | Stage
--------------------+---------------------+--------------+--------------------+-----------+----------------------
 00:00:09(00:00:04) |  00:00:00(00:00:00) |   0.0(  0.0) |   12:08:31 (Aug03) |  162.3 MB | PBS_Generic-Start
--------------------+---------------------+--------------+--------------------+-----------+----------------------
 00:00:09(00:00:05) |  00:00:00(00:00:01) |  25.5( 25.0) |   12:08:32 (Aug03) |  162.3 MB | PBS_Generic_Opt-Post
--------------------+---------------------+--------------+--------------------+-----------+----------------------
 00:00:09(00:00:05) |  00:00:00(00:00:00) |   0.0(  0.0) |   12:08:32 (Aug03) |  162.3 MB | PBS_Generic-Postgen HBO Optimizations
--------------------+---------------------+--------------+--------------------+-----------+----------------------
 00:00:09(00:00:05) |  00:00:00(00:00:00) |   0.0(  0.0) |   12:08:32 (Aug03) |  250.6 MB | PBS_TechMap-Start
--------------------+---------------------+--------------+--------------------+-----------+----------------------
 00:00:09(00:00:05) |  00:00:00(00:00:00) |   0.0(  0.0) |   12:08:32 (Aug03) |  250.6 MB | PBS_TechMap-Premap HBO Optimizations
--------------------+---------------------+--------------+--------------------+-----------+----------------------
 00:00:10(00:00:06) |  00:00:00(00:00:01) |  21.2( 25.0) |   12:08:33 (Aug03) |  250.6 MB | PBS_Techmap-Global Mapping
--------------------+---------------------+--------------+--------------------+-----------+----------------------
 00:00:12(00:00:08) |  00:00:01(00:00:02) |  53.3( 50.0) |   12:08:35 (Aug03) |  250.6 MB | PBS_TechMap-Datapath Postmap Operations
--------------------+---------------------+--------------+--------------------+-----------+----------------------
 00:00:12(00:00:08) |  00:00:00(00:00:00) |  -0.0(  0.0) |   12:08:35 (Aug03) |  250.6 MB | PBS_TechMap-Postmap HBO Optimizations
--------------------+---------------------+--------------+--------------------+-----------+----------------------
 00:00:12(00:00:08) |  00:00:00(00:00:00) |   0.0(  0.0) |   12:08:35 (Aug03) |  250.6 MB | PBS_TechMap-Postmap Clock Gating
--------------------+---------------------+--------------+--------------------+-----------+----------------------
 00:00:12(00:00:08) |  00:00:00(00:00:00) |  -0.0(  0.0) |   12:08:35 (Aug03) |  250.6 MB | PBS_TechMap-Postmap Cleanup
--------------------+---------------------+--------------+--------------------+-----------+----------------------
 00:00:12(00:00:08) |  00:00:00(00:00:00) |   0.0(  0.0) |   12:08:35 (Aug03) |  250.6 MB | PBS_Techmap-Post_MBCI
--------------------+---------------------+--------------+--------------------+-----------+----------------------
Number of threads: 8 * 1   (id: pbs_debug, time_info v1.57)
Info: (*N*) indicates data that was populated from previously saved time_info database
Info: CPU time includes time of parent + longest thread
##>=================== Cadence Confidential (Mapping-Logical) ===================
##>Main Thread Summary:
##>----------------------------------------------------------------------------------------
##>STEP                           Elapsed       WNS       TNS     Insts      Area    Memory
##>----------------------------------------------------------------------------------------
##>M:Initial                            0         -         -       180      4098       250
##>M:Pre Cleanup                        0         -         -       180      4098       250
##>M:Setup                              0         -         -         -         -         -
##>M:Launch ST                          0         -         -         -         -         -
##>M:Design Partition                   0         -         -         -         -         -
##>M:Create Partition Netlists          0         -         -         -         -         -
##>M:Init Power                         0         -         -         -         -         -
##>M:Budgeting                          0         -         -         -         -         -
##>M:Derenv-DB                          0         -         -         -         -         -
##>M:Debug Outputs                      0         -         -         -         -         -
##>M:ST loading                         0         -         -         -         -         -
##>M:Distributed                        0         -         -         -         -         -
##>M:Timer                              0         -         -         -         -         -
##>M:Assembly                           0         -         -         -         -         -
##>M:DFT                                0         -         -         -         -         -
##>M:DP Operations                      2         -         -       123      2015       250
##>M:Const Prop                         0      5431         0       123      2015       250
##>M:Cleanup                            0      5431         0       122      1999       250
##>M:MBCI                               0         -         -       122      1999       250
##>M:Const Gate Removal                 0         -         -         -         -         -
##>M:Misc                               1
##>----------------------------------------------------------------------------------------
##>Total Elapsed                        3
##>========================================================================================
Info    : Done mapping. [SYNTH-5]
        : Done mapping 'mult_seq'.
      timing.setup.tns  timing.setup.wns  snapshot
UM:*                                      syn_map
@file(genus_script.tcl) 41: syn_opt
Info    : Incrementally optimizing. [SYNTH-7]
        : Incrementally optimizing 'mult_seq' using 'medium' effort.
 
Incremental optimization status
===============================
                                   Group   
                                  Tot Wrst     Total - - DRC Totals - -
                           Total  Weighted      Neg      Max       Max 
Operation                   Area   Slacks      Slack    Trans      Cap 
 init_iopt                  2000        0         0         0        0
-------------------------------------------------------------------------------
 const_prop                 2000        0         0         0        0
 simp_cc_inputs             1990        0         0         0        0
 
Incremental optimization status
===============================
                                   Group   
                                  Tot Wrst     Total - - DRC Totals - -
                           Total  Weighted      Neg      Max       Max 
Operation                   Area   Slacks      Slack    Trans      Cap 
 init_delay                 1990        0         0         0        0

           Trick     Calls     Accepts   Attempts    Time(secs) 
-----------------------------------------------------------
       crit_upsz         0  (        0 /        0 )  0.00
    plc_bal_star         0  (        0 /        0 )  0.00
     drc_buftimb         0  (        0 /        0 )  0.00
          plc_st         0  (        0 /        0 )  0.00
    plc_st_fence         0  (        0 /        0 )  0.00
        plc_star         0  (        0 /        0 )  0.00
      plc_laf_st         0  (        0 /        0 )  0.00
 plc_laf_st_fence         0  (        0 /        0 )  0.00
     drc_buftims         0  (        0 /        0 )  0.00
   plc_laf_lo_st         0  (        0 /        0 )  0.00
       plc_lo_st         0  (        0 /        0 )  0.00
            fopt         0  (        0 /        0 )  0.00
       crit_dnsz         0  (        0 /        0 )  0.00
             dup         0  (        0 /        0 )  0.00
            fopt         0  (        0 /        0 )  0.00
        setup_dn         0  (        0 /        0 )  0.00
         buf2inv         0  (        0 /        0 )  0.00
        mb_split         0  (        0 /        0 )  0.00
             exp         0  (        0 /        0 )  0.00
       gate_deco         0  (        0 /        0 )  0.00
       gcomp_tim         0  (        0 /        0 )  0.00
  inv_pair_2_buf         0  (        0 /        0 )  0.00

 init_drc                   1990        0         0         0        0

           Trick     Calls     Accepts   Attempts    Time(secs) 
-----------------------------------------------------------
          plc_st         0  (        0 /        0 )  0.00
        plc_star         0  (        0 /        0 )  0.00
        drc_bufs         0  (        0 /        0 )  0.00
        drc_fopt         0  (        0 /        0 )  0.00
        drc_bufb         0  (        0 /        0 )  0.00
      simple_buf         0  (        0 /        0 )  0.00
             dup         0  (        0 /        0 )  0.00
       crit_dnsz         0  (        0 /        0 )  0.00
       crit_upsz         0  (        0 /        0 )  0.00


           Trick     Calls     Accepts   Attempts    Time(secs) 
-----------------------------------------------------------
          plc_st         0  (        0 /        0 )  0.00
        plc_star         0  (        0 /        0 )  0.00
      drc_buf_sp         0  (        0 /        0 )  0.00
        drc_bufs         0  (        0 /        0 )  0.00
        drc_fopt         0  (        0 /        0 )  0.00
        drc_bufb         0  (        0 /        0 )  0.00
      simple_buf         0  (        0 /        0 )  0.00
             dup         0  (        0 /        0 )  0.00
       crit_dnsz         0  (        0 /        0 )  0.00
       crit_upsz         0  (        0 /        0 )  0.00


           Trick     Calls     Accepts   Attempts    Time(secs) 
-----------------------------------------------------------
          plc_st         0  (        0 /        0 )  0.00
        plc_star         0  (        0 /        0 )  0.00
      drc_buf_sp         0  (        0 /        0 )  0.00
        drc_bufs         0  (        0 /        0 )  0.00
        drc_fopt         0  (        0 /        0 )  0.00
        drc_bufb         0  (        0 /        0 )  0.00
             dup         0  (        0 /        0 )  0.00
       crit_dnsz         0  (        0 /        0 )  0.00
       crit_upsz         0  (        0 /        0 )  0.00

 init_tns                   1990        0         0         0        0

           Trick     Calls     Accepts   Attempts    Time(secs) 
-----------------------------------------------------------
    plc_bal_star         0  (        0 /        0 )  0.00
     drc_buftimb         0  (        0 /        0 )  0.00
     drc_buftims         0  (        0 /        0 )  0.00
       crit_upsz         0  (        0 /        0 )  0.00
   plc_laf_lo_st         0  (        0 /        0 )  0.00
       plc_lo_st         0  (        0 /        0 )  0.00
            fopt         0  (        0 /        0 )  0.00
       crit_dnsz         0  (        0 /        0 )  0.00
             dup         0  (        0 /        0 )  0.00
        setup_dn         0  (        0 /        0 )  0.00
         buf2inv         0  (        0 /        0 )  0.00
        mb_split         0  (        0 /        0 )  0.00

 init_area                  1990        0         0         0        0
 rem_buf                    1971        0         0         0        0
 glob_area                  1966        0         0         0        0
 area_down                  1963        0         0         0        0

           Trick     Calls     Accepts   Attempts    Time(secs) 
-----------------------------------------------------------
           undup         0  (        0 /        0 )  0.00
         rem_buf         2  (        2 /        2 )  0.00
         rem_inv         0  (        0 /        0 )  0.00
        merge_bi         0  (        0 /        0 )  0.00
      rem_inv_qb         0  (        0 /        0 )  0.00
        io_phase         0  (        0 /        0 )  0.00
       gate_comp        12  (        0 /        0 )  0.03
       gcomp_mog         0  (        0 /        0 )  0.01
       glob_area        19  (        4 /       19 )  0.00
       area_down         1  (        1 /        1 )  0.00
      size_n_buf         0  (        0 /        0 )  0.00
  gate_deco_area         0  (        0 /        0 )  0.00
         rem_buf         0  (        0 /        0 )  0.00
         rem_inv         0  (        0 /        0 )  0.00
        merge_bi         0  (        0 /        0 )  0.00
      rem_inv_qb         0  (        0 /        0 )  0.00

 
Incremental optimization status
===============================
                                   Group   
                                  Tot Wrst     Total - - DRC Totals - -
                           Total  Weighted      Neg      Max       Max 
Operation                   Area   Slacks      Slack    Trans      Cap 
 init_delay                 1963        0         0         0        0

           Trick     Calls     Accepts   Attempts    Time(secs) 
-----------------------------------------------------------
       crit_upsz         0  (        0 /        0 )  0.00
    plc_bal_star         0  (        0 /        0 )  0.00
     drc_buftimb         0  (        0 /        0 )  0.00
          plc_st         0  (        0 /        0 )  0.00
    plc_st_fence         0  (        0 /        0 )  0.00
        plc_star         0  (        0 /        0 )  0.00
      plc_laf_st         0  (        0 /        0 )  0.00
 plc_laf_st_fence         0  (        0 /        0 )  0.00
     drc_buftims         0  (        0 /        0 )  0.00
   plc_laf_lo_st         0  (        0 /        0 )  0.00
       plc_lo_st         0  (        0 /        0 )  0.00
            fopt         0  (        0 /        0 )  0.00
       crit_dnsz         0  (        0 /        0 )  0.00
             dup         0  (        0 /        0 )  0.00
            fopt         0  (        0 /        0 )  0.00
        setup_dn         0  (        0 /        0 )  0.00
         buf2inv         0  (        0 /        0 )  0.00
        mb_split         0  (        0 /        0 )  0.00
             exp         0  (        0 /        0 )  0.00
       gate_deco         0  (        0 /        0 )  0.00
       gcomp_tim         0  (        0 /        0 )  0.00
  inv_pair_2_buf         0  (        0 /        0 )  0.00

 init_drc                   1963        0         0         0        0

           Trick     Calls     Accepts   Attempts    Time(secs) 
-----------------------------------------------------------
          plc_st         0  (        0 /        0 )  0.00
        plc_star         0  (        0 /        0 )  0.00
        drc_bufs         0  (        0 /        0 )  0.00
        drc_fopt         0  (        0 /        0 )  0.00
        drc_bufb         0  (        0 /        0 )  0.00
      simple_buf         0  (        0 /        0 )  0.00
             dup         0  (        0 /        0 )  0.00
       crit_dnsz         0  (        0 /        0 )  0.00
       crit_upsz         0  (        0 /        0 )  0.00


           Trick     Calls     Accepts   Attempts    Time(secs) 
-----------------------------------------------------------
          plc_st         0  (        0 /        0 )  0.00
        plc_star         0  (        0 /        0 )  0.00
        drc_bufs         0  (        0 /        0 )  0.00
        drc_fopt         0  (        0 /        0 )  0.00
        drc_bufb         0  (        0 /        0 )  0.00
      simple_buf         0  (        0 /        0 )  0.00
             dup         0  (        0 /        0 )  0.00
       crit_dnsz         0  (        0 /        0 )  0.00
       crit_upsz         0  (        0 /        0 )  0.00


           Trick     Calls     Accepts   Attempts    Time(secs) 
-----------------------------------------------------------
          plc_st         0  (        0 /        0 )  0.00
        plc_star         0  (        0 /        0 )  0.00
        drc_bufs         0  (        0 /        0 )  0.00
        drc_fopt         0  (        0 /        0 )  0.00
        drc_bufb         0  (        0 /        0 )  0.00
             dup         0  (        0 /        0 )  0.00
       crit_dnsz         0  (        0 /        0 )  0.00
       crit_upsz         0  (        0 /        0 )  0.00

 init_area                  1963        0         0         0        0

           Trick     Calls     Accepts   Attempts    Time(secs) 
-----------------------------------------------------------
           undup         0  (        0 /        0 )  0.00
         rem_buf         0  (        0 /        0 )  0.00
         rem_inv         0  (        0 /        0 )  0.00
        merge_bi         0  (        0 /        0 )  0.00
      rem_inv_qb         0  (        0 /        0 )  0.00
        io_phase         0  (        0 /        0 )  0.00
       gate_comp        12  (        0 /        0 )  0.04
       gcomp_mog         0  (        0 /        0 )  0.01
       glob_area        17  (        0 /       17 )  0.00
       area_down         0  (        0 /        0 )  0.00
      size_n_buf         0  (        0 /        0 )  0.00
  gate_deco_area         0  (        0 /        0 )  0.00

==================================
Stage : incr_opt 
==================================
  =================
   Message Summary
  =================
------------------------------------------------------------------------
|   Id    |Sev  |Count |                 Message Text                  |
------------------------------------------------------------------------
| CFM-1   |Info |    1 |Wrote dofile.                                  |
| CFM-5   |Info |    1 |Wrote formal verification information.         |
| PA-7    |Info |    4 |Resetting power analysis results.              |
|         |     |      |All computed switching activities are removed. |
| SYNTH-5 |Info |    1 |Done mapping.                                  |
| SYNTH-7 |Info |    1 |Incrementally optimizing.                      |
------------------------------------------------------------------------
Info    : Done incrementally optimizing. [SYNTH-8]
        : Done incrementally optimizing 'mult_seq'.
      timing.setup.tns  timing.setup.wns  snapshot
UM:*                                      syn_opt
@file(genus_script.tcl) 43: write_hdl > mult_seq.vh
@file(genus_script.tcl) 44: write_sdc > mult_seq.sdc
Finished SDC export (command execution time mm:ss (real) = 00:00).
@file(genus_script.tcl) 45: write_sdf -timescale ns -nonegchecks -recrem split -edges check_edge  -setuphold split > mult_seq.sdf
@file(genus_script.tcl) 48: set filename [format "%s%s%s" "reports/" $my_toplevel "_timing.rep"]
@file(genus_script.tcl) 49: redirect $filename { report_timing -nets -nworst 1}
@file(genus_script.tcl) 51: set filename [format "%s%s%s" "reports/" $my_toplevel "_area.rep"]
@file(genus_script.tcl) 52: redirect $filename { report_area}
@file(genus_script.tcl) 54: set filename [format "%s%s%s" "reports/" $my_toplevel "_qor.rep"]
@file(genus_script.tcl) 55: redirect $filename { report_qor}
@file(genus_script.tcl) 57: set filename [format "%s%s%s" "reports/" $my_toplevel "_clocks.rep"]
@file(genus_script.tcl) 58: redirect $filename { report_clocks}
@file(genus_script.tcl) 60: set filename [format "%s%s%s" "reports/" $my_toplevel "_timing_summary.rep"]
@file(genus_script.tcl) 61: redirect $filename { report_timing_summary}
@file(genus_script.tcl) 63: set filename [format "%s%s%s" "reports/" $my_toplevel "_power.rep"]
@file(genus_script.tcl) 64: redirect $filename { report_power}
@file(genus_script.tcl) 68: exit
Normal exit.
